Microsoft HTML Help Compiler 4.74.8702

Compiling d:\projects\MBSoftware\Visual Basic\Forum 2000\HelpFiles\Forum2000.chm

HHC6000: Error: An internal file could not be created. Make certain there is enough disk space on the drive where you are compiling your file.
HHC5007: Error: Fatal navigational compilation error. This is likely the result of an invalid contents (.hhc) file.


The following files were not compiled:
Microsoft HTML Help Compiler 4.74.8702

Compiling d:\projects\MBSoftware\Visual Basic\Forum 2000\HelpFiles\Forum2000.chm


Compile time: 0 minutes, 2 seconds
1	Topic
1	Local link
0	Internet links
2	Graphics


Created d:\projects\MBSoftware\Visual Basic\Forum 2000\HelpFiles\Forum2000.chm, 92,121 bytes
Compression increased file by 2,762 bytes.
Microsoft HTML Help Compiler 4.74.8702

Compiling d:\projects\MBSoftware\Visual Basic\Forum 2000\HelpFiles\Forum2000.chm


Compile time: 0 minutes, 4 seconds
7	Topics
7	Local links
0	Internet links
14	Graphics


Created d:\projects\MBSoftware\Visual Basic\Forum 2000\HelpFiles\Forum2000.chm, 243,879 bytes
Compression decreased file by 69,851 bytes.
Microsoft HTML Help Compiler 4.74.8702

Compiling d:\projects\MBSoftware\Visual Basic\Forum 2000\HelpFiles\Forum2000.chm


Compile time: 0 minutes, 3 seconds
7	Topics
7	Local links
0	Internet links
14	Graphics


Created d:\projects\MBSoftware\Visual Basic\Forum 2000\HelpFiles\Forum2000.chm, 243,886 bytes
Compression decreased file by 69,844 bytes.
Microsoft HTML Help Compiler 4.74.8702

Compiling d:\projects\MBSoftware\Visual Basic\Forum 2000\HelpFiles\Forum2000.chm


Compile time: 0 minutes, 4 seconds
13	Topics
10	Local links
6	Internet links
14	Graphics


Created d:\projects\MBSoftware\Visual Basic\Forum 2000\HelpFiles\Forum2000.chm, 248,672 bytes
Compression decreased file by 71,572 bytes.
